#-----------------------------------------------------------
# Vivado v2024.2 (64-bit)
# SW Build 5239630 on Fri Nov 08 22:35:27 MST 2024
# IP Build 5239520 on Sun Nov 10 16:12:51 MST 2024
# SharedData Build 5239561 on Fri Nov 08 14:39:27 MST 2024
# Start of session at: Wed Apr 16 21:37:32 2025
# Process ID         : 14072
# Current directory  : C:/contador_redundante.xpr/contador_redundante.xpr/contador_redundante
# Command line       : vivado.exe -gui_launcher_event rodinguilauncherevent11788 C:\contador_redundante.xpr\contador_redundante.xpr\contador_redundante\contador_redundante.xpr
# Log file           : C:/contador_redundante.xpr/contador_redundante.xpr/contador_redundante/vivado.log
# Journal file       : C:/contador_redundante.xpr/contador_redundante.xpr/contador_redundante\vivado.jou
# Running On         : NZXTDEV
# Platform           : Windows Server 2016 or Windows 10
# Operating System   : 22631
# Processor Detail   : Intel(R) Core(TM) i5-6500 CPU @ 3.20GHz
# CPU Frequency      : 3192 MHz
# CPU Physical cores : 4
# CPU Logical cores  : 4
# Host memory        : 17111 MB
# Swap memory        : 1073 MB
# Total Virtual      : 18185 MB
# Available Virtual  : 7417 MB
#-----------------------------------------------------------
start_guioopen_project C:/contador_redundante.xpr/contador_redundante.xpr/contador_redundante/contador_redundante.xpr
INFO: [Project 1-313] Project file moved from 'C:/Users/carme/OneDrive/Desktop/contador_redundante.xpr/contador_redundante' since last save.
INFO: [filemgmt 56-3] Default IP Output Path : Could not find the directory 'C:/contador_redundante.xpr/contador_redundante.xpr/contador_redundante/contador_redundante.gen/sources_1'.
Scanning sources...
Finished scanning sources
INFO: [IP_Flow 19-234] Refreshing IP repositories
INFO: [IP_Flow 19-1704] No user IP repositories specified
INFO: [IP_Flow 19-2313] Loaded Vivado IP repository 'C:/Xilinx/Vivado/2024.2/data/ip'.
update_compile_order -fileset sources_1
exit
INFO: [Common 17-206] Exiting Vivado at Wed Apr 16 21:38:09 2025...
dundante/contador_redundante.cache/wt' already exists, is a directory, but is not writable.
update_compile_order -fileset sources_1
launch_simulation
ERROR: [Common 17-1293] The path 'C:/contador_redundante.xpr/contador_redundante.xpr/contador_redundante/contador_redundante.cache/wt' already exists, is a directory, but is not writable.
launch_simulation
ERROR: [Common 17-1293] The path 'C:/contador_redundante.xpr/contador_redundante.xpr/contador_redundante/contador_redundante.cache/wt' already exists, is a directory, but is not writable.
exit
INFO: [Common 17-206] Exiting Vivado at Wed Apr 16 21:38:41 2025...
