#-----------------------------------------------------------
# Vivado v2024.2 (64-bit)
# SW Build 5239630 on Fri Nov 08 22:35:27 MST 2024
# IP Build 5239520 on Sun Nov 10 16:12:51 MST 2024
# SharedData Build 5239561 on Fri Nov 08 14:39:27 MST 2024
# Start of session at: Wed Apr 16 21:26:35 2025
# Process ID         : 15540
# Current directory  : C:/Users/carme/OneDrive/Desktop/contador_redundante.xpr/contador_redundante.xpr/contador_redundante
# Command line       : vivado.exe -gui_launcher_event rodinguilauncherevent11924 C:\Users\carme\OneDrive\Desktop\contador_redundante.xpr\contador_redundante.xpr\contador_redundante\contador_redundante.xpr
# Log file           : C:/Users/carme/OneDrive/Desktop/contador_redundante.xpr/contador_redundante.xpr/contador_redundante/vivado.log
# Journal file       : C:/Users/carme/OneDrive/Desktop/contador_redundante.xpr/contador_redundante.xpr/contador_redundante\vivado.jou
# Running On         : NZXTDEV
# Platform           : Windows Server 2016 or Windows 10
# Operating System   : 22631
# Processor Detail   : Intel(R) Core(TM) i5-6500 CPU @ 3.20GHz
# CPU Frequency      : 3192 MHz
# CPU Physical cores : 4
# CPU Logical cores  : 4
# Host memory        : 17111 MB
# Swap memory        : 1073 MB
# Total Virtual      : 18185 MB
# Available Virtual  : 7574 MB
#-----------------------------------------------------------
start_guioopen_project C:/Users/carme/OneDrive/Desktop/contador_redundante.xpr/contador_redundante.xpr/contador_redundante/contador_redundante.xpr
INFO: [ProjectBase 1-489] The host OS only allows 260 characters in a normal path. The project is stored in a path with more than 80 characters. If you experience issues with IP, Block Designs, or files not being found, please consider moving the project to a location with a shorter path. Alternately consider using the OS subst command to map part of the path to a drive letter.
Current project path is 'C:/Users/carme/OneDrive/Desktop/contador_redundante.xpr/contador_redundante.xpr/contador_redundante'
INFO: [Project 1-313] Project file moved from 'C:/Users/carme/OneDrive/Desktop/contador_redundante.xpr/contador_redundante' since last save.
INFO: [filemgmt 56-3] Default IP Output Path : Could not find the directory 'C:/Users/carme/OneDrive/Desktop/contador_redundante.xpr/contador_redundante.xpr/contador_redundante/contador_redundante.gen/sources_1'.
Scanning sources...
Finished scanning sources
INFO: [IP_Flow 19-234] Refreshing IP repositories
INFO: [IP_Flow 19-1704] No user IP repositories specified
INFO: [IP_Flow 19-2313] Loaded Vivado IP repository 'C:/Xilinx/Vivado/2024.2/data/ip'.
open_project: Time (s): cpu = 00:00:08 ls
WARNING: [Common 17-259] Unknown Tcl command 'ls' sending command to the OS shell for execution. It is reexit
INFO: [Common 17-206] Exiting Vivado at Wed Apr 16 21:29:53 2025...
ect_summary.txt
contador_redundante.cache
contador_redundante.hw
contador_redundante.ip_user_files
contador_redundante.ipdefs
contador_redundante.runs
contador_redundante.sim
contador_redundante.srcs
contador_redundante.xpr
tb_redundancia_behav.wcfg
vivado.jou
vivado.log
vivado_13252.backup.jou
vivado_13252.backup.log
vivado_24452.backup.jou
vivado_24452.backup.log
vivado_pid15540.str
vivado_pid1560.str
launch_simulation
ERROR: [Common 17-1293] The path 'C:/Users/carme/OneDrive/Desktop/contador_redundante.xpr/contador_redundante.xpr/contador_redundante/contador_redundante.cache/wt' already exists, is a directory, but is not writable.
exit
INFO: [Common 17-206] Exiting Vivado at Wed Apr 16 21:31:27 2025...
