#-----------------------------------------------------------
# Vivado v2024.2 (64-bit)
# SW Build 5239630 on Fri Nov 08 22:35:27 MST 2024
# IP Build 5239520 on Sun Nov 10 16:12:51 MST 2024
# SharedData Build 5239561 on Fri Nov 08 14:39:27 MST 2024
# Start of session at: Wed Apr 16 21:17:23 2025
# Process ID         : 13252
# Current directory  : C:/Users/carme/OneDrive/Desktop/contador_redundante.xpr/contador_redundante.xpr/contador_redundante
# Command line       : vivado.exe -gui_launcher_event rodinguilauncherevent11488 C:\Users\carme\OneDrive\Desktop\contador_redundante.xpr\contador_redundante.xpr\contador_redundante\contador_redundante.xpr
# Log file           : C:/Users/carme/OneDrive/Desktop/contador_redundante.xpr/contador_redundante.xpr/contador_redundante/vivado.log
# Journal file       : C:/Users/carme/OneDrive/Desktop/contador_redundante.xpr/contador_redundante.xpr/contador_redundante\vivado.jou
# Running On         : NZXTDEV
# Platform           : Windows Server 2016 or Windows 10
# Operating System   : 22631
# Processor Detail   : Intel(R) Core(TM) i5-6500 CPU @ 3.20GHz
# CPU Frequency      : 3192 MHz
# CPU Physical cores : 4
# CPU Logical cores  : 4
# Host memory        : 17111 MB
# Swap memory        : 1073 MB
# Total Virtual      : 18185 MB
# Available Virtual  : 3302 MB
#-----------------------------------------------------------
start_guooopen_project C:/Users/carme/OneDrive/Desktop/contador_redundante.xpr/contador_redundante.xpr/contador_redundante/contador_redundante.xpr
INFO: [ProjectBase 1-489] The host OS only allows 260 characters in a normal path. The project is stored in a path with more than 80 characters. If you experience issues with IP, Block Designs, or files not being found, please consider moving the project to a location with a shorter path. Alternately consider using the OS subst command to map part of the path to a drive letter.
Current project path is 'C:/Users/carme/OneDrive/Desktop/contador_redundante.xpr/contador_redundante.xpr/contador_redundante'
INFO: [Project 1-313] Project file moved from 'C:/Users/carme/OneDrive/Desktop/contador_redundante.xpr/contador_redundante' since last save.
INFO: [filemgmt 56-3] Default IP Output Path : Could not find the directory 'C:/Users/carme/OneDrive/Desktop/contador_redundante.xpr/contador_redundante.xpr/contador_redundante/contador_redundante.gen/sources_1'.
Scanning sources...
Finished scanning sources
INFO: [IP_Flow 19-234] Refreshing IP repositories
INFO: [IP_Flow 19-1704] No user IP repositories specified
INFO: [IP_Flow 19-2313] Loaded Vivado IP repository 'C:/Xilinx/Vivado/2024.2/data/ip'opopen_project: Time (s): cpu = 00:00:09 exit
INFO: [Common 17-206] Exiting Vivado at Wed Apr 16 21:19:53 2025...
INFO: [Common 17-206] Exiting Vivexit
INFO: [Common 17-206] Exiting Vivado at Wed Apr 16 21:19:51 2025...
ive/Desktop/contador_redundante.xpr/contador_redundante.xpr/contador_redundante/contador_redundante.cache/wt' already exists, is a directory, but is not writable.
exit
INFO: [Common 17-206] Exiting Vivado at Wed Apr 16 21:19:49 2025...
